<?xml version="1.0" encoding="UTF-8"?>
<testsuite name="gradle.test.BatteryChargeTest" tests="1" skipped="0" failures="0" errors="0" timestamp="2023-07-21T18:15:33" hostname="MT-110968" time="0.015">
  <properties/>
  <testcase name="testDefaultSerializationDoesNotThrow()" classname="gradle.test.BatteryChargeTest" time="0.015"/>
  <system-out><![CDATA[]]></system-out>
  <system-err><![CDATA[]]></system-err>
</testsuite>
